<!DOCTYPE html>

<html>
  <head>
  <meta charset='utf-8'>
  <title>TestNG reports</title>

    <link type="text/css" href="testng-reports.css" rel="stylesheet" />
    <script type="text/javascript" src="jquery-1.7.1.min.js"></script>
    <script type="text/javascript" src="testng-reports.js"></script>
    <script type="text/javascript" src="https://www.google.com/jsapi"></script>
    <script type='text/javascript'>
      google.load('visualization', '1', {packages:['table']});
      google.setOnLoadCallback(drawTable);
      var suiteTableInitFunctions = new Array();
      var suiteTableData = new Array();
    </script>
    <!--
      <script type="text/javascript" src="jquery-ui/js/jquery-ui-1.8.16.custom.min.js"></script>
     -->
  </head>

  <body>
    <div class="top-banner-root">
      <span class="top-banner-title-font">Test results</span>
      <br/>
      <span class="top-banner-font-1">1 suite, 5 failed tests</span>
    </div> <!-- top-banner-root -->
    <div class="navigator-root">
      <div class="navigator-suite-header">
        <span>All suites</span>
        <a href="#" class="collapse-all-link" title="Collapse/expand all the suites">
          <img class="collapse-all-icon" src="collapseall.gif">
          </img> <!-- collapse-all-icon -->
        </a> <!-- collapse-all-link -->
      </div> <!-- navigator-suite-header -->
      <div class="suite">
        <div class="rounded-window">
          <div class="suite-header light-rounded-window-top">
            <a href="#" class="navigator-link" panel-name="suite-Testing_Pet_Store_App">
              <span class="suite-name border-failed">Testing Pet Store App</span>
            </a> <!-- navigator-link -->
          </div> <!-- suite-header light-rounded-window-top -->
          <div class="navigator-suite-content">
            <div class="suite-section-title">
              <span>Info</span>
            </div> <!-- suite-section-title -->
            <div class="suite-section-content">
              <ul>
                <li>
                  <a href="#" class="navigator-link " panel-name="test-xml-Testing_Pet_Store_App">
                    <span>C:\Users\Coa\eclipse-workspace\PetStoreProject\testng.xml</span>
                  </a> <!-- navigator-link  -->
                </li>
                <li>
                  <a href="#" class="navigator-link " panel-name="testlist-Testing_Pet_Store_App">
                    <span class="test-stats">1 test</span>
                  </a> <!-- navigator-link  -->
                </li>
                <li>
                  <a href="#" class="navigator-link " panel-name="group-Testing_Pet_Store_App">
                    <span>0 groups</span>
                  </a> <!-- navigator-link  -->
                </li>
                <li>
                  <a href="#" class="navigator-link " panel-name="times-Testing_Pet_Store_App">
                    <span>Times</span>
                  </a> <!-- navigator-link  -->
                </li>
                <li>
                  <a href="#" class="navigator-link " panel-name="reporter-Testing_Pet_Store_App">
                    <span>Reporter output</span>
                  </a> <!-- navigator-link  -->
                </li>
                <li>
                  <a href="#" class="navigator-link " panel-name="ignored-methods-Testing_Pet_Store_App">
                    <span>Ignored methods</span>
                  </a> <!-- navigator-link  -->
                </li>
                <li>
                  <a href="#" class="navigator-link " panel-name="chronological-Testing_Pet_Store_App">
                    <span>Chronological view</span>
                  </a> <!-- navigator-link  -->
                </li>
              </ul>
            </div> <!-- suite-section-content -->
            <div class="result-section">
              <div class="suite-section-title">
                <span>Results</span>
              </div> <!-- suite-section-title -->
              <div class="suite-section-content">
                <ul>
                  <li>
                    <span class="method-stats">13 methods, 5 failed,   8 passed</span>
                  </li>
                  <li>
                    <span class="method-list-title failed">Failed methods</span>
                    <span class="show-or-hide-methods failed">
                      <a href="#" panel-name="suite-Testing_Pet_Store_App" class="hide-methods failed suite-Testing_Pet_Store_App"> (hide)</a> <!-- hide-methods failed suite-Testing_Pet_Store_App -->
                      <a href="#" panel-name="suite-Testing_Pet_Store_App" class="show-methods failed suite-Testing_Pet_Store_App"> (show)</a> <!-- show-methods failed suite-Testing_Pet_Store_App -->
                    </span>
                    <div class="method-list-content failed suite-Testing_Pet_Store_App">
                      <span>
                        <img width="3%" src="failed.png"/>
                        <a href="#" class="method navigator-link" panel-name="suite-Testing_Pet_Store_App" title="tests.RegistrationPageTest" hash-for-method="EmptyInputTesting">EmptyInputTesting</a> <!-- method navigator-link -->
                      </span>
                      <br/>
                      <span>
                        <img width="3%" src="failed.png"/>
                        <a href="#" class="method navigator-link" panel-name="suite-Testing_Pet_Store_App" title="tests.RegistrationPageTest" hash-for-method="EmptyPasswordInputTesting">EmptyPasswordInputTesting</a> <!-- method navigator-link -->
                      </span>
                      <br/>
                      <span>
                        <img width="3%" src="failed.png"/>
                        <a href="#" class="method navigator-link" panel-name="suite-Testing_Pet_Store_App" title="tests.RegistrationPageTest" hash-for-method="IncorrectEmailInputTesting">IncorrectEmailInputTesting</a> <!-- method navigator-link -->
                      </span>
                      <br/>
                      <span>
                        <img width="3%" src="failed.png"/>
                        <a href="#" class="method navigator-link" panel-name="suite-Testing_Pet_Store_App" title="tests.RegistrationPageTest" hash-for-method="IncorrectPhoneInputTesting">IncorrectPhoneInputTesting</a> <!-- method navigator-link -->
                      </span>
                      <br/>
                      <span>
                        <img width="3%" src="failed.png"/>
                        <a href="#" class="method navigator-link" panel-name="suite-Testing_Pet_Store_App" title="tests.RegistrationPageTest" hash-for-method="IncorrectRepeatPasswordInputTesting">IncorrectRepeatPasswordInputTesting</a> <!-- method navigator-link -->
                      </span>
                      <br/>
                    </div> <!-- method-list-content failed suite-Testing_Pet_Store_App -->
                  </li>
                  <li>
                    <span class="method-list-title passed">Passed methods</span>
                    <span class="show-or-hide-methods passed">
                      <a href="#" panel-name="suite-Testing_Pet_Store_App" class="hide-methods passed suite-Testing_Pet_Store_App"> (hide)</a> <!-- hide-methods passed suite-Testing_Pet_Store_App -->
                      <a href="#" panel-name="suite-Testing_Pet_Store_App" class="show-methods passed suite-Testing_Pet_Store_App"> (show)</a> <!-- show-methods passed suite-Testing_Pet_Store_App -->
                    </span>
                    <div class="method-list-content passed suite-Testing_Pet_Store_App">
                      <span>
                        <img width="3%" src="passed.png"/>
                        <a href="#" class="method navigator-link" panel-name="suite-Testing_Pet_Store_App" title="tests.RegistrationPageTest" hash-for-method="RegistrationTesting">RegistrationTesting</a> <!-- method navigator-link -->
                      </span>
                      <br/>
                      <span>
                        <img width="3%" src="passed.png"/>
                        <a href="#" class="method navigator-link" panel-name="suite-Testing_Pet_Store_App" title="tests.PetStoreMenuTest" hash-for-method="areLinksCorrect">areLinksCorrect</a> <!-- method navigator-link -->
                      </span>
                      <br/>
                      <span>
                        <img width="3%" src="passed.png"/>
                        <a href="#" class="method navigator-link" panel-name="suite-Testing_Pet_Store_App" title="tests.CartTest" hash-for-method="areProductsInCart">areProductsInCart</a> <!-- method navigator-link -->
                      </span>
                      <br/>
                      <span>
                        <img width="3%" src="passed.png"/>
                        <a href="#" class="method navigator-link" panel-name="suite-Testing_Pet_Store_App" title="tests.CartTest" hash-for-method="emptyCart">emptyCart</a> <!-- method navigator-link -->
                      </span>
                      <br/>
                      <span>
                        <img width="3%" src="passed.png"/>
                        <a href="#" class="method navigator-link" panel-name="suite-Testing_Pet_Store_App" title="tests.EnterTheStore" hash-for-method="enterTheStore">enterTheStore</a> <!-- method navigator-link -->
                      </span>
                      <br/>
                      <span>
                        <img width="3%" src="passed.png"/>
                        <a href="#" class="method navigator-link" panel-name="suite-Testing_Pet_Store_App" title="tests.PetStoreMenuTest" hash-for-method="isSignedIn">isSignedIn</a> <!-- method navigator-link -->
                      </span>
                      <br/>
                      <span>
                        <img width="3%" src="passed.png"/>
                        <a href="#" class="method navigator-link" panel-name="suite-Testing_Pet_Store_App" title="tests.SignInTest" hash-for-method="logIn">logIn</a> <!-- method navigator-link -->
                      </span>
                      <br/>
                      <span>
                        <img width="3%" src="passed.png"/>
                        <a href="#" class="method navigator-link" panel-name="suite-Testing_Pet_Store_App" title="tests.PetStoreMenuTest" hash-for-method="petStoreMenuLinksVerify">petStoreMenuLinksVerify</a> <!-- method navigator-link -->
                      </span>
                      <br/>
                    </div> <!-- method-list-content passed suite-Testing_Pet_Store_App -->
                  </li>
                </ul>
              </div> <!-- suite-section-content -->
            </div> <!-- result-section -->
          </div> <!-- navigator-suite-content -->
        </div> <!-- rounded-window -->
      </div> <!-- suite -->
    </div> <!-- navigator-root -->
    <div class="wrapper">
      <div class="main-panel-root">
        <div panel-name="suite-Testing_Pet_Store_App" class="panel Testing_Pet_Store_App">
          <div class="suite-Testing_Pet_Store_App-class-failed">
            <div class="main-panel-header rounded-window-top">
              <img src="failed.png"/>
              <span class="class-name">tests.RegistrationPageTest</span>
            </div> <!-- main-panel-header rounded-window-top -->
            <div class="main-panel-content rounded-window-bottom">
              <div class="method">
                <div class="method-content">
                  <a name="EmptyInputTesting">
                  </a> <!-- EmptyInputTesting -->
                  <span class="method-name">EmptyInputTesting</span>
                  <div class="stack-trace">org.openqa.selenium.NoSuchElementException: no such element: Unable to locate element: {&quot;method&quot;:&quot;xpath&quot;,&quot;selector&quot;:&quot;/html/body/h1&quot;}
  (Session info: chrome=80.0.3987.163)
For documentation on this error, please visit: https://www.seleniumhq.org/exceptions/no_such_element.html
Build info: version: &apos;3.141.59&apos;, revision: &apos;e82be7d358&apos;, time: &apos;2018-11-14T08:25:48&apos;
System info: host: &apos;DESKTOP-86EQLNF&apos;, ip: &apos;192.168.1.6&apos;, os.name: &apos;Windows 10&apos;, os.arch: &apos;amd64&apos;, os.version: &apos;10.0&apos;, java.version: &apos;1.8.0_241&apos;
Driver info: org.openqa.selenium.chrome.ChromeDriver
Capabilities {acceptInsecureCerts: false, browserName: chrome, browserVersion: 80.0.3987.163, chrome: {chromedriverVersion: 80.0.3987.106 (f68069574609..., userDataDir: C:\Users\Coa\AppData\Local\...}, goog:chromeOptions: {debuggerAddress: localhost:58950}, javascriptEnabled: true, networkConnectionEnabled: false, pageLoadStrategy: normal, platform: WINDOWS, platformName: WINDOWS, proxy: Proxy(), setWindowRect: true, strictFileInteractability: false, timeouts: {implicit: 0, pageLoad: 300000, script: 30000}, unhandledPromptBehavior: dismiss and notify}
Session ID: 4210f1dc654efa2b59588d6964079b24
*** Element info: {Using=xpath, value=/html/body/h1}
	at org.openqa.selenium.remote.http.W3CHttpResponseCodec.createException(W3CHttpResponseCodec.java:187)
	at org.openqa.selenium.remote.http.W3CHttpResponseCodec.decode(W3CHttpResponseCodec.java:122)
	at org.openqa.selenium.remote.http.W3CHttpResponseCodec.decode(W3CHttpResponseCodec.java:49)
	at org.openqa.selenium.remote.HttpCommandExecutor.execute(HttpCommandExecutor.java:158)
	at org.openqa.selenium.remote.service.DriverCommandExecutor.execute(DriverCommandExecutor.java:83)
	at org.openqa.selenium.remote.RemoteWebDriver.execute(RemoteWebDriver.java:552)
	at org.openqa.selenium.remote.RemoteWebDriver.findElement(RemoteWebDriver.java:323)
	at org.openqa.selenium.remote.RemoteWebDriver.findElementByXPath(RemoteWebDriver.java:428)
	at org.openqa.selenium.By$ByXPath.findElement(By.java:353)
	at org.openqa.selenium.remote.RemoteWebDriver.findElement(RemoteWebDriver.java:315)
	at pages.RegistrationPage.getErrorstatus(RegistrationPage.java:178)
	at pages.RegistrationPage.ImpossibleRegistration(RegistrationPage.java:191)
	at tests.RegistrationPageTest.EmptyInputTesting(RegistrationPageTest.java:259)
	at java.util.ArrayList.forEach(Unknown Source)
... Removed 31 stack frames
</div> <!-- stack-trace -->
                </div> <!-- method-content -->
              </div> <!-- method -->
              <div class="method">
                <div class="method-content">
                  <a name="EmptyPasswordInputTesting">
                  </a> <!-- EmptyPasswordInputTesting -->
                  <span class="method-name">EmptyPasswordInputTesting</span>
                  <div class="stack-trace">org.openqa.selenium.NoSuchElementException: no such element: Unable to locate element: {&quot;method&quot;:&quot;xpath&quot;,&quot;selector&quot;:&quot;/html/body/h1&quot;}
  (Session info: chrome=80.0.3987.163)
For documentation on this error, please visit: https://www.seleniumhq.org/exceptions/no_such_element.html
Build info: version: &apos;3.141.59&apos;, revision: &apos;e82be7d358&apos;, time: &apos;2018-11-14T08:25:48&apos;
System info: host: &apos;DESKTOP-86EQLNF&apos;, ip: &apos;192.168.1.6&apos;, os.name: &apos;Windows 10&apos;, os.arch: &apos;amd64&apos;, os.version: &apos;10.0&apos;, java.version: &apos;1.8.0_241&apos;
Driver info: org.openqa.selenium.chrome.ChromeDriver
Capabilities {acceptInsecureCerts: false, browserName: chrome, browserVersion: 80.0.3987.163, chrome: {chromedriverVersion: 80.0.3987.106 (f68069574609..., userDataDir: C:\Users\Coa\AppData\Local\...}, goog:chromeOptions: {debuggerAddress: localhost:58950}, javascriptEnabled: true, networkConnectionEnabled: false, pageLoadStrategy: normal, platform: WINDOWS, platformName: WINDOWS, proxy: Proxy(), setWindowRect: true, strictFileInteractability: false, timeouts: {implicit: 0, pageLoad: 300000, script: 30000}, unhandledPromptBehavior: dismiss and notify}
Session ID: 4210f1dc654efa2b59588d6964079b24
*** Element info: {Using=xpath, value=/html/body/h1}
	at org.openqa.selenium.remote.http.W3CHttpResponseCodec.createException(W3CHttpResponseCodec.java:187)
	at org.openqa.selenium.remote.http.W3CHttpResponseCodec.decode(W3CHttpResponseCodec.java:122)
	at org.openqa.selenium.remote.http.W3CHttpResponseCodec.decode(W3CHttpResponseCodec.java:49)
	at org.openqa.selenium.remote.HttpCommandExecutor.execute(HttpCommandExecutor.java:158)
	at org.openqa.selenium.remote.service.DriverCommandExecutor.execute(DriverCommandExecutor.java:83)
	at org.openqa.selenium.remote.RemoteWebDriver.execute(RemoteWebDriver.java:552)
	at org.openqa.selenium.remote.RemoteWebDriver.findElement(RemoteWebDriver.java:323)
	at org.openqa.selenium.remote.RemoteWebDriver.findElementByXPath(RemoteWebDriver.java:428)
	at org.openqa.selenium.By$ByXPath.findElement(By.java:353)
	at org.openqa.selenium.remote.RemoteWebDriver.findElement(RemoteWebDriver.java:315)
	at pages.RegistrationPage.getErrorstatus(RegistrationPage.java:178)
	at pages.RegistrationPage.ImpossibleRegistration(RegistrationPage.java:191)
	at tests.RegistrationPageTest.EmptyPasswordInputTesting(RegistrationPageTest.java:226)
	at java.util.ArrayList.forEach(Unknown Source)
... Removed 31 stack frames
</div> <!-- stack-trace -->
                </div> <!-- method-content -->
              </div> <!-- method -->
              <div class="method">
                <div class="method-content">
                  <a name="IncorrectEmailInputTesting">
                  </a> <!-- IncorrectEmailInputTesting -->
                  <span class="method-name">IncorrectEmailInputTesting</span>
                  <div class="stack-trace">org.openqa.selenium.NoSuchElementException: no such element: Unable to locate element: {&quot;method&quot;:&quot;xpath&quot;,&quot;selector&quot;:&quot;/html/body/h1&quot;}
  (Session info: chrome=80.0.3987.163)
For documentation on this error, please visit: https://www.seleniumhq.org/exceptions/no_such_element.html
Build info: version: &apos;3.141.59&apos;, revision: &apos;e82be7d358&apos;, time: &apos;2018-11-14T08:25:48&apos;
System info: host: &apos;DESKTOP-86EQLNF&apos;, ip: &apos;192.168.1.6&apos;, os.name: &apos;Windows 10&apos;, os.arch: &apos;amd64&apos;, os.version: &apos;10.0&apos;, java.version: &apos;1.8.0_241&apos;
Driver info: org.openqa.selenium.chrome.ChromeDriver
Capabilities {acceptInsecureCerts: false, browserName: chrome, browserVersion: 80.0.3987.163, chrome: {chromedriverVersion: 80.0.3987.106 (f68069574609..., userDataDir: C:\Users\Coa\AppData\Local\...}, goog:chromeOptions: {debuggerAddress: localhost:58950}, javascriptEnabled: true, networkConnectionEnabled: false, pageLoadStrategy: normal, platform: WINDOWS, platformName: WINDOWS, proxy: Proxy(), setWindowRect: true, strictFileInteractability: false, timeouts: {implicit: 0, pageLoad: 300000, script: 30000}, unhandledPromptBehavior: dismiss and notify}
Session ID: 4210f1dc654efa2b59588d6964079b24
*** Element info: {Using=xpath, value=/html/body/h1}
	at org.openqa.selenium.remote.http.W3CHttpResponseCodec.createException(W3CHttpResponseCodec.java:187)
	at org.openqa.selenium.remote.http.W3CHttpResponseCodec.decode(W3CHttpResponseCodec.java:122)
	at org.openqa.selenium.remote.http.W3CHttpResponseCodec.decode(W3CHttpResponseCodec.java:49)
	at org.openqa.selenium.remote.HttpCommandExecutor.execute(HttpCommandExecutor.java:158)
	at org.openqa.selenium.remote.service.DriverCommandExecutor.execute(DriverCommandExecutor.java:83)
	at org.openqa.selenium.remote.RemoteWebDriver.execute(RemoteWebDriver.java:552)
	at org.openqa.selenium.remote.RemoteWebDriver.findElement(RemoteWebDriver.java:323)
	at org.openqa.selenium.remote.RemoteWebDriver.findElementByXPath(RemoteWebDriver.java:428)
	at org.openqa.selenium.By$ByXPath.findElement(By.java:353)
	at org.openqa.selenium.remote.RemoteWebDriver.findElement(RemoteWebDriver.java:315)
	at pages.RegistrationPage.getErrorstatus(RegistrationPage.java:178)
	at pages.RegistrationPage.ImpossibleRegistration(RegistrationPage.java:191)
	at tests.RegistrationPageTest.IncorrectEmailInputTesting(RegistrationPageTest.java:154)
	at java.util.ArrayList.forEach(Unknown Source)
... Removed 31 stack frames
</div> <!-- stack-trace -->
                </div> <!-- method-content -->
              </div> <!-- method -->
              <div class="method">
                <div class="method-content">
                  <a name="IncorrectPhoneInputTesting">
                  </a> <!-- IncorrectPhoneInputTesting -->
                  <span class="method-name">IncorrectPhoneInputTesting</span>
                  <div class="stack-trace">org.openqa.selenium.NoSuchElementException: no such element: Unable to locate element: {&quot;method&quot;:&quot;xpath&quot;,&quot;selector&quot;:&quot;/html/body/h1&quot;}
  (Session info: chrome=80.0.3987.163)
For documentation on this error, please visit: https://www.seleniumhq.org/exceptions/no_such_element.html
Build info: version: &apos;3.141.59&apos;, revision: &apos;e82be7d358&apos;, time: &apos;2018-11-14T08:25:48&apos;
System info: host: &apos;DESKTOP-86EQLNF&apos;, ip: &apos;192.168.1.6&apos;, os.name: &apos;Windows 10&apos;, os.arch: &apos;amd64&apos;, os.version: &apos;10.0&apos;, java.version: &apos;1.8.0_241&apos;
Driver info: org.openqa.selenium.chrome.ChromeDriver
Capabilities {acceptInsecureCerts: false, browserName: chrome, browserVersion: 80.0.3987.163, chrome: {chromedriverVersion: 80.0.3987.106 (f68069574609..., userDataDir: C:\Users\Coa\AppData\Local\...}, goog:chromeOptions: {debuggerAddress: localhost:58950}, javascriptEnabled: true, networkConnectionEnabled: false, pageLoadStrategy: normal, platform: WINDOWS, platformName: WINDOWS, proxy: Proxy(), setWindowRect: true, strictFileInteractability: false, timeouts: {implicit: 0, pageLoad: 300000, script: 30000}, unhandledPromptBehavior: dismiss and notify}
Session ID: 4210f1dc654efa2b59588d6964079b24
*** Element info: {Using=xpath, value=/html/body/h1}
	at org.openqa.selenium.remote.http.W3CHttpResponseCodec.createException(W3CHttpResponseCodec.java:187)
	at org.openqa.selenium.remote.http.W3CHttpResponseCodec.decode(W3CHttpResponseCodec.java:122)
	at org.openqa.selenium.remote.http.W3CHttpResponseCodec.decode(W3CHttpResponseCodec.java:49)
	at org.openqa.selenium.remote.HttpCommandExecutor.execute(HttpCommandExecutor.java:158)
	at org.openqa.selenium.remote.service.DriverCommandExecutor.execute(DriverCommandExecutor.java:83)
	at org.openqa.selenium.remote.RemoteWebDriver.execute(RemoteWebDriver.java:552)
	at org.openqa.selenium.remote.RemoteWebDriver.findElement(RemoteWebDriver.java:323)
	at org.openqa.selenium.remote.RemoteWebDriver.findElementByXPath(RemoteWebDriver.java:428)
	at org.openqa.selenium.By$ByXPath.findElement(By.java:353)
	at org.openqa.selenium.remote.RemoteWebDriver.findElement(RemoteWebDriver.java:315)
	at pages.RegistrationPage.getErrorstatus(RegistrationPage.java:178)
	at pages.RegistrationPage.ImpossibleRegistration(RegistrationPage.java:191)
	at tests.RegistrationPageTest.IncorrectPhoneInputTesting(RegistrationPageTest.java:191)
	at java.util.ArrayList.forEach(Unknown Source)
... Removed 31 stack frames
</div> <!-- stack-trace -->
                </div> <!-- method-content -->
              </div> <!-- method -->
              <div class="method">
                <div class="method-content">
                  <a name="IncorrectRepeatPasswordInputTesting">
                  </a> <!-- IncorrectRepeatPasswordInputTesting -->
                  <span class="method-name">IncorrectRepeatPasswordInputTesting</span>
                  <div class="stack-trace">org.openqa.selenium.NoSuchElementException: no such element: Unable to locate element: {&quot;method&quot;:&quot;xpath&quot;,&quot;selector&quot;:&quot;/html/body/h1&quot;}
  (Session info: chrome=80.0.3987.163)
For documentation on this error, please visit: https://www.seleniumhq.org/exceptions/no_such_element.html
Build info: version: &apos;3.141.59&apos;, revision: &apos;e82be7d358&apos;, time: &apos;2018-11-14T08:25:48&apos;
System info: host: &apos;DESKTOP-86EQLNF&apos;, ip: &apos;192.168.1.6&apos;, os.name: &apos;Windows 10&apos;, os.arch: &apos;amd64&apos;, os.version: &apos;10.0&apos;, java.version: &apos;1.8.0_241&apos;
Driver info: org.openqa.selenium.chrome.ChromeDriver
Capabilities {acceptInsecureCerts: false, browserName: chrome, browserVersion: 80.0.3987.163, chrome: {chromedriverVersion: 80.0.3987.106 (f68069574609..., userDataDir: C:\Users\Coa\AppData\Local\...}, goog:chromeOptions: {debuggerAddress: localhost:58950}, javascriptEnabled: true, networkConnectionEnabled: false, pageLoadStrategy: normal, platform: WINDOWS, platformName: WINDOWS, proxy: Proxy(), setWindowRect: true, strictFileInteractability: false, timeouts: {implicit: 0, pageLoad: 300000, script: 30000}, unhandledPromptBehavior: dismiss and notify}
Session ID: 4210f1dc654efa2b59588d6964079b24
*** Element info: {Using=xpath, value=/html/body/h1}
	at org.openqa.selenium.remote.http.W3CHttpResponseCodec.createException(W3CHttpResponseCodec.java:187)
	at org.openqa.selenium.remote.http.W3CHttpResponseCodec.decode(W3CHttpResponseCodec.java:122)
	at org.openqa.selenium.remote.http.W3CHttpResponseCodec.decode(W3CHttpResponseCodec.java:49)
	at org.openqa.selenium.remote.HttpCommandExecutor.execute(HttpCommandExecutor.java:158)
	at org.openqa.selenium.remote.service.DriverCommandExecutor.execute(DriverCommandExecutor.java:83)
	at org.openqa.selenium.remote.RemoteWebDriver.execute(RemoteWebDriver.java:552)
	at org.openqa.selenium.remote.RemoteWebDriver.findElement(RemoteWebDriver.java:323)
	at org.openqa.selenium.remote.RemoteWebDriver.findElementByXPath(RemoteWebDriver.java:428)
	at org.openqa.selenium.By$ByXPath.findElement(By.java:353)
	at org.openqa.selenium.remote.RemoteWebDriver.findElement(RemoteWebDriver.java:315)
	at pages.RegistrationPage.getErrorstatus(RegistrationPage.java:178)
	at pages.RegistrationPage.ImpossibleRegistration(RegistrationPage.java:191)
	at tests.RegistrationPageTest.IncorrectRepeatPasswordInputTesting(RegistrationPageTest.java:115)
	at java.util.ArrayList.forEach(Unknown Source)
... Removed 31 stack frames
</div> <!-- stack-trace -->
                </div> <!-- method-content -->
              </div> <!-- method -->
            </div> <!-- main-panel-content rounded-window-bottom -->
          </div> <!-- suite-Testing_Pet_Store_App-class-failed -->
          <div class="suite-Testing_Pet_Store_App-class-passed">
            <div class="main-panel-header rounded-window-top">
              <img src="passed.png"/>
              <span class="class-name">tests.PetStoreMenuTest</span>
            </div> <!-- main-panel-header rounded-window-top -->
            <div class="main-panel-content rounded-window-bottom">
              <div class="method">
                <div class="method-content">
                  <a name="areLinksCorrect">
                  </a> <!-- areLinksCorrect -->
                  <span class="method-name">areLinksCorrect</span>
                </div> <!-- method-content -->
              </div> <!-- method -->
              <div class="method">
                <div class="method-content">
                  <a name="isSignedIn">
                  </a> <!-- isSignedIn -->
                  <span class="method-name">isSignedIn</span>
                </div> <!-- method-content -->
              </div> <!-- method -->
              <div class="method">
                <div class="method-content">
                  <a name="petStoreMenuLinksVerify">
                  </a> <!-- petStoreMenuLinksVerify -->
                  <span class="method-name">petStoreMenuLinksVerify</span>
                </div> <!-- method-content -->
              </div> <!-- method -->
            </div> <!-- main-panel-content rounded-window-bottom -->
          </div> <!-- suite-Testing_Pet_Store_App-class-passed -->
          <div class="suite-Testing_Pet_Store_App-class-passed">
            <div class="main-panel-header rounded-window-top">
              <img src="passed.png"/>
              <span class="class-name">tests.SignInTest</span>
            </div> <!-- main-panel-header rounded-window-top -->
            <div class="main-panel-content rounded-window-bottom">
              <div class="method">
                <div class="method-content">
                  <a name="logIn">
                  </a> <!-- logIn -->
                  <span class="method-name">logIn</span>
                </div> <!-- method-content -->
              </div> <!-- method -->
            </div> <!-- main-panel-content rounded-window-bottom -->
          </div> <!-- suite-Testing_Pet_Store_App-class-passed -->
          <div class="suite-Testing_Pet_Store_App-class-passed">
            <div class="main-panel-header rounded-window-top">
              <img src="passed.png"/>
              <span class="class-name">tests.EnterTheStore</span>
            </div> <!-- main-panel-header rounded-window-top -->
            <div class="main-panel-content rounded-window-bottom">
              <div class="method">
                <div class="method-content">
                  <a name="enterTheStore">
                  </a> <!-- enterTheStore -->
                  <span class="method-name">enterTheStore</span>
                </div> <!-- method-content -->
              </div> <!-- method -->
            </div> <!-- main-panel-content rounded-window-bottom -->
          </div> <!-- suite-Testing_Pet_Store_App-class-passed -->
          <div class="suite-Testing_Pet_Store_App-class-passed">
            <div class="main-panel-header rounded-window-top">
              <img src="passed.png"/>
              <span class="class-name">tests.RegistrationPageTest</span>
            </div> <!-- main-panel-header rounded-window-top -->
            <div class="main-panel-content rounded-window-bottom">
              <div class="method">
                <div class="method-content">
                  <a name="RegistrationTesting">
                  </a> <!-- RegistrationTesting -->
                  <span class="method-name">RegistrationTesting</span>
                </div> <!-- method-content -->
              </div> <!-- method -->
            </div> <!-- main-panel-content rounded-window-bottom -->
          </div> <!-- suite-Testing_Pet_Store_App-class-passed -->
          <div class="suite-Testing_Pet_Store_App-class-passed">
            <div class="main-panel-header rounded-window-top">
              <img src="passed.png"/>
              <span class="class-name">tests.CartTest</span>
            </div> <!-- main-panel-header rounded-window-top -->
            <div class="main-panel-content rounded-window-bottom">
              <div class="method">
                <div class="method-content">
                  <a name="areProductsInCart">
                  </a> <!-- areProductsInCart -->
                  <span class="method-name">areProductsInCart</span>
                </div> <!-- method-content -->
              </div> <!-- method -->
              <div class="method">
                <div class="method-content">
                  <a name="emptyCart">
                  </a> <!-- emptyCart -->
                  <span class="method-name">emptyCart</span>
                </div> <!-- method-content -->
              </div> <!-- method -->
            </div> <!-- main-panel-content rounded-window-bottom -->
          </div> <!-- suite-Testing_Pet_Store_App-class-passed -->
        </div> <!-- panel Testing_Pet_Store_App -->
        <div panel-name="test-xml-Testing_Pet_Store_App" class="panel">
          <div class="main-panel-header rounded-window-top">
            <span class="header-content">C:\Users\Coa\eclipse-workspace\PetStoreProject\testng.xml</span>
          </div> <!-- main-panel-header rounded-window-top -->
          <div class="main-panel-content rounded-window-bottom">
            <pre>
&lt;?xml version=&quot;1.0&quot; encoding=&quot;UTF-8&quot;?&gt;
&lt;!DOCTYPE suite SYSTEM &quot;https://testng.org/testng-1.0.dtd&quot;&gt;
&lt;suite guice-stage=&quot;DEVELOPMENT&quot; name=&quot;Testing Pet Store App&quot;&gt;
  &lt;test thread-count=&quot;5&quot; name=&quot;Pet Store Test&quot;&gt;
    &lt;classes&gt;
      &lt;class name=&quot;tests.EnterTheStore&quot;/&gt;
      &lt;class name=&quot;tests.PetStoreMenuTest&quot;/&gt;
      &lt;class name=&quot;tests.RegistrationPageTest&quot;/&gt;
      &lt;class name=&quot;tests.SignInTest&quot;/&gt;
      &lt;class name=&quot;tests.CartTest&quot;/&gt;
    &lt;/classes&gt;
  &lt;/test&gt; &lt;!-- Pet Store Test --&gt;
&lt;/suite&gt; &lt;!-- Testing Pet Store App --&gt;
            </pre>
          </div> <!-- main-panel-content rounded-window-bottom -->
        </div> <!-- panel -->
        <div panel-name="testlist-Testing_Pet_Store_App" class="panel">
          <div class="main-panel-header rounded-window-top">
            <span class="header-content">Tests for Testing Pet Store App</span>
          </div> <!-- main-panel-header rounded-window-top -->
          <div class="main-panel-content rounded-window-bottom">
            <ul>
              <li>
                <span class="test-name">Pet Store Test (5 classes)</span>
              </li>
            </ul>
          </div> <!-- main-panel-content rounded-window-bottom -->
        </div> <!-- panel -->
        <div panel-name="group-Testing_Pet_Store_App" class="panel">
          <div class="main-panel-header rounded-window-top">
            <span class="header-content">Groups for Testing Pet Store App</span>
          </div> <!-- main-panel-header rounded-window-top -->
          <div class="main-panel-content rounded-window-bottom">
          </div> <!-- main-panel-content rounded-window-bottom -->
        </div> <!-- panel -->
        <div panel-name="times-Testing_Pet_Store_App" class="panel">
          <div class="main-panel-header rounded-window-top">
            <span class="header-content">Times for Testing Pet Store App</span>
          </div> <!-- main-panel-header rounded-window-top -->
          <div class="main-panel-content rounded-window-bottom">
            <div class="times-div">
              <script type="text/javascript">
suiteTableInitFunctions.push('tableData_Testing_Pet_Store_App');
function tableData_Testing_Pet_Store_App() {
var data = new google.visualization.DataTable();
data.addColumn('number', 'Number');
data.addColumn('string', 'Method');
data.addColumn('string', 'Class');
data.addColumn('number', 'Time (ms)');
data.addRows(13);
data.setCell(0, 0, 0)
data.setCell(0, 1, 'areProductsInCart')
data.setCell(0, 2, 'tests.CartTest')
data.setCell(0, 3, 305571);
data.setCell(1, 0, 1)
data.setCell(1, 1, 'IncorrectRepeatPasswordInputTesting')
data.setCell(1, 2, 'tests.RegistrationPageTest')
data.setCell(1, 3, 216709);
data.setCell(2, 0, 2)
data.setCell(2, 1, 'IncorrectPhoneInputTesting')
data.setCell(2, 2, 'tests.RegistrationPageTest')
data.setCell(2, 3, 212316);
data.setCell(3, 0, 3)
data.setCell(3, 1, 'IncorrectEmailInputTesting')
data.setCell(3, 2, 'tests.RegistrationPageTest')
data.setCell(3, 3, 210415);
data.setCell(4, 0, 4)
data.setCell(4, 1, 'EmptyPasswordInputTesting')
data.setCell(4, 2, 'tests.RegistrationPageTest')
data.setCell(4, 3, 201303);
data.setCell(5, 0, 5)
data.setCell(5, 1, 'RegistrationTesting')
data.setCell(5, 2, 'tests.RegistrationPageTest')
data.setCell(5, 3, 191083);
data.setCell(6, 0, 6)
data.setCell(6, 1, 'EmptyInputTesting')
data.setCell(6, 2, 'tests.RegistrationPageTest')
data.setCell(6, 3, 166101);
data.setCell(7, 0, 7)
data.setCell(7, 1, 'logIn')
data.setCell(7, 2, 'tests.SignInTest')
data.setCell(7, 3, 39091);
data.setCell(8, 0, 8)
data.setCell(8, 1, 'emptyCart')
data.setCell(8, 2, 'tests.CartTest')
data.setCell(8, 3, 4297);
data.setCell(9, 0, 9)
data.setCell(9, 1, 'enterTheStore')
data.setCell(9, 2, 'tests.EnterTheStore')
data.setCell(9, 3, 3379);
data.setCell(10, 0, 10)
data.setCell(10, 1, 'areLinksCorrect')
data.setCell(10, 2, 'tests.PetStoreMenuTest')
data.setCell(10, 3, 3209);
data.setCell(11, 0, 11)
data.setCell(11, 1, 'isSignedIn')
data.setCell(11, 2, 'tests.PetStoreMenuTest')
data.setCell(11, 3, 2435);
data.setCell(12, 0, 12)
data.setCell(12, 1, 'petStoreMenuLinksVerify')
data.setCell(12, 2, 'tests.PetStoreMenuTest')
data.setCell(12, 3, 862);
window.suiteTableData['Testing_Pet_Store_App']= { tableData: data, tableDiv: 'times-div-Testing_Pet_Store_App'}
return data;
}
              </script>
              <span class="suite-total-time">Total running time: 25 minutes</span>
              <div id="times-div-Testing_Pet_Store_App">
              </div> <!-- times-div-Testing_Pet_Store_App -->
            </div> <!-- times-div -->
          </div> <!-- main-panel-content rounded-window-bottom -->
        </div> <!-- panel -->
        <div panel-name="reporter-Testing_Pet_Store_App" class="panel">
          <div class="main-panel-header rounded-window-top">
            <span class="header-content">Reporter output for Testing Pet Store App</span>
          </div> <!-- main-panel-header rounded-window-top -->
          <div class="main-panel-content rounded-window-bottom">
          </div> <!-- main-panel-content rounded-window-bottom -->
        </div> <!-- panel -->
        <div panel-name="ignored-methods-Testing_Pet_Store_App" class="panel">
          <div class="main-panel-header rounded-window-top">
            <span class="header-content">0 ignored methods</span>
          </div> <!-- main-panel-header rounded-window-top -->
          <div class="main-panel-content rounded-window-bottom">
          </div> <!-- main-panel-content rounded-window-bottom -->
        </div> <!-- panel -->
        <div panel-name="chronological-Testing_Pet_Store_App" class="panel">
          <div class="main-panel-header rounded-window-top">
            <span class="header-content">Methods in chronological order</span>
          </div> <!-- main-panel-header rounded-window-top -->
          <div class="main-panel-content rounded-window-bottom">
            <div class="chronological-class">
              <div class="chronological-class-name">tests.EnterTheStore</div> <!-- chronological-class-name -->
              <div class="configuration-class before">
                <span class="method-name">setup</span>
                <span class="method-start">0 ms</span>
              </div> <!-- configuration-class before -->
              <div class="test-method">
                <span class="method-name">enterTheStore</span>
                <span class="method-start">11314 ms</span>
              </div> <!-- test-method -->
              <div class="configuration-class after">
                <span class="method-name">afterClass</span>
                <span class="method-start">14699 ms</span>
              </div> <!-- configuration-class after -->
            </div> <!-- chronological-class -->
            <div class="chronological-class">
              <div class="chronological-class-name">tests.PetStoreMenuTest</div> <!-- chronological-class-name -->
              <div class="configuration-class before">
                <span class="method-name">setup</span>
                <span class="method-start">14974 ms</span>
              </div> <!-- configuration-class before -->
              <div class="test-method">
                <span class="method-name">petStoreMenuLinksVerify</span>
                <span class="method-start">24759 ms</span>
              </div> <!-- test-method -->
              <div class="test-method">
                <span class="method-name">areLinksCorrect</span>
                <span class="method-start">25624 ms</span>
              </div> <!-- test-method -->
              <div class="test-method">
                <span class="method-name">isSignedIn</span>
                <span class="method-start">28835 ms</span>
              </div> <!-- test-method -->
              <div class="configuration-class after">
                <span class="method-name">afterClass</span>
                <span class="method-start">31272 ms</span>
              </div> <!-- configuration-class after -->
            </div> <!-- chronological-class -->
            <div class="chronological-class">
              <div class="chronological-class-name">tests.RegistrationPageTest</div> <!-- chronological-class-name -->
              <div class="configuration-class before">
                <span class="method-name">setup</span>
                <span class="method-start">31495 ms</span>
              </div> <!-- configuration-class before -->
              <div class="test-method">
                <span class="method-name">RegistrationTesting</span>
                <span class="method-start">41152 ms</span>
              </div> <!-- test-method -->
              <div class="test-method">
                <img src="failed.png">
                </img>
                <span class="method-name">IncorrectRepeatPasswordInputTesting</span>
                <span class="method-start">232238 ms</span>
              </div> <!-- test-method -->
              <div class="test-method">
                <img src="failed.png">
                </img>
                <span class="method-name">IncorrectEmailInputTesting</span>
                <span class="method-start">448953 ms</span>
              </div> <!-- test-method -->
              <div class="test-method">
                <img src="failed.png">
                </img>
                <span class="method-name">IncorrectPhoneInputTesting</span>
                <span class="method-start">659370 ms</span>
              </div> <!-- test-method -->
              <div class="test-method">
                <img src="failed.png">
                </img>
                <span class="method-name">EmptyPasswordInputTesting</span>
                <span class="method-start">871689 ms</span>
              </div> <!-- test-method -->
              <div class="test-method">
                <img src="failed.png">
                </img>
                <span class="method-name">EmptyInputTesting</span>
                <span class="method-start">1072994 ms</span>
              </div> <!-- test-method -->
              <div class="configuration-class after">
                <span class="method-name">afterClass</span>
                <span class="method-start">1239096 ms</span>
              </div> <!-- configuration-class after -->
            </div> <!-- chronological-class -->
            <div class="chronological-class">
              <div class="chronological-class-name">tests.SignInTest</div> <!-- chronological-class-name -->
              <div class="configuration-class before">
                <span class="method-name">setup</span>
                <span class="method-start">1240350 ms</span>
              </div> <!-- configuration-class before -->
              <div class="test-method">
                <span class="method-name">logIn</span>
                <span class="method-start">1249977 ms</span>
              </div> <!-- test-method -->
              <div class="configuration-class after">
                <span class="method-name">afterClass</span>
                <span class="method-start">1289070 ms</span>
              </div> <!-- configuration-class after -->
            </div> <!-- chronological-class -->
            <div class="chronological-class">
              <div class="chronological-class-name">tests.CartTest</div> <!-- chronological-class-name -->
              <div class="configuration-class before">
                <span class="method-name">setup</span>
                <span class="method-start">1289283 ms</span>
              </div> <!-- configuration-class before -->
              <div class="test-method">
                <span class="method-name">areProductsInCart</span>
                <span class="method-start">1298840 ms</span>
              </div> <!-- test-method -->
              <div class="test-method">
                <span class="method-name">emptyCart</span>
                <span class="method-start">1604413 ms</span>
              </div> <!-- test-method -->
              <div class="configuration-class after">
                <span class="method-name">afterClass</span>
                <span class="method-start">1608712 ms</span>
              </div> <!-- configuration-class after -->
          </div> <!-- main-panel-content rounded-window-bottom -->
        </div> <!-- panel -->
      </div> <!-- main-panel-root -->
    </div> <!-- wrapper -->
  </body>
</html>
